2024-07-28 19:00:56 [ERROR] Ошибка при запуске бота: Cannot read properties of undefined (reading 'error')
2024-07-28 19:13:03 [INFO] Бот запущен
2024-07-28 19:14:43 [INFO] Бот запущен
2024-07-28 19:16:00 [INFO] Бот запущен
2024-07-28 19:16:10 [INFO] Отключен от базы данных
2024-07-28 19:16:11 [INFO] Бот остановлен
2024-07-28 19:17:07 [INFO] Бот запущен
2024-07-28 19:17:32 [INFO] Отключен от базы данных
2024-07-28 19:17:32 [INFO] Бот остановлен
2024-07-28 19:26:03 [INFO] Бот запущен
2024-07-28 19:26:37 [INFO] Отключен от базы данных
2024-07-28 19:26:37 [INFO] Бот остановлен
2024-07-29 12:15:42 [INFO] Бот запущен
2024-07-29 12:27:39 [INFO] Бот запущен
2024-07-29 12:27:55 [INFO] Отключен от базы данных
2024-07-29 12:27:55 [INFO] Бот остановлен
2024-07-29 12:28:02 [INFO] Бот запущен
2024-07-29 12:28:11 [INFO] Отключен от базы данных
2024-07-29 12:28:11 [INFO] Бот остановлен
2024-07-29 12:28:16 [INFO] Бот запущен
2024-07-29 12:28:29 [INFO] Отключен от базы данных
2024-07-29 12:28:29 [INFO] Бот остановлен
2024-07-29 12:32:40 [INFO] Бот запущен
2024-07-29 12:32:50 [INFO] Отключен от базы данных
2024-07-29 12:48:29 [INFO] Бот запущен
2024-07-29 13:01:23 [INFO] Бот запущен
2024-07-29 13:02:00 [INFO] Бот запущен
2024-07-29 13:16:22 [INFO] Бот запущен
2024-07-29 13:18:04 [INFO] Бот запущен
2024-07-29 13:53:20 [INFO] Бот запущен
2024-07-29 13:54:05 [INFO] Бот запущен
2024-07-29 13:54:40 [INFO] Бот запущен
2024-07-29 14:00:07 [INFO] Бот запущен
2024-07-29 14:05:30 [INFO] Бот запущен
2024-07-29 14:08:22 [INFO] Бот запущен
2024-07-29 14:26:17 [INFO] Бот запущен
2024-07-29 14:26:20 [INFO] Бот запущен
2024-07-29 14:28:09 [INFO] Бот запущен
2024-07-29 14:28:27 [INFO] Бот запущен
2024-07-29 14:28:51 [INFO] Бот запущен
2024-07-29 14:37:38 [INFO] Бот запущен
2024-07-29 14:49:52 [INFO] Бот запущен
2024-07-29 14:58:14 [INFO] Бот запущен
2024-07-29 14:59:59 [INFO] Бот запущен
2024-07-29 15:00:41 [INFO] Бот запущен
2024-07-29 15:03:32 [INFO] Бот запущен
2024-07-29 15:15:37 [INFO] Бот запущен
2024-07-29 15:16:21 [INFO] Бот запущен
2024-07-29 15:21:34 [INFO] Бот запущен
2024-07-29 18:14:02 [INFO] Бот запущен
2024-07-29 18:22:58 [INFO] Бот запущен
2024-07-29 18:23:07 [INFO] Бот запущен
2024-07-29 18:25:15 [INFO] Бот запущен
2024-07-29 18:25:59 [INFO] Бот запущен
2024-07-29 18:26:05 [INFO] Бот запущен
2024-07-29 18:26:12 [INFO] Бот запущен
2024-07-29 18:26:17 [INFO] Бот запущен
2024-07-29 18:26:26 [INFO] Бот запущен
2024-07-29 18:28:42 [INFO] Бот запущен
2024-07-29 18:30:30 [INFO] Бот запущен
2024-07-29 18:36:37 [INFO] Бот запущен
2024-07-29 18:39:29 [INFO] Бот запущен
2024-07-29 18:39:31 [INFO] Бот запущен
2024-07-29 18:41:36 [INFO] Бот запущен
2024-07-29 18:43:22 [INFO] Бот запущен
2024-07-29 18:43:37 [INFO] Бот запущен
2024-07-29 18:44:16 [INFO] Бот запущен
2024-07-29 18:44:25 [INFO] Бот запущен
2024-07-29 18:49:30 [INFO] Бот запущен
2024-07-29 18:49:34 [INFO] Бот запущен
2024-07-29 18:49:41 [INFO] Бот запущен
2024-07-29 18:50:06 [INFO] Бот запущен
2024-07-29 18:50:22 [INFO] Бот запущен
2024-07-29 18:50:26 [INFO] Бот запущен
2024-07-29 19:00:36 [INFO] Бот запущен
2024-07-29 19:00:48 [INFO] Бот запущен
2024-07-29 19:03:16 [INFO] Бот запущен
2024-07-29 19:05:23 [INFO] Бот запущен
2024-07-29 19:06:57 [INFO] Бот запущен
2024-07-29 19:07:08 [INFO] Бот запущен
2024-07-30 13:41:23 [INFO] Бот запущен
2024-07-30 13:43:11 [INFO] Бот запущен
2024-07-30 13:43:31 [INFO] Бот запущен
2024-07-30 13:43:40 [INFO] Бот запущен
2024-07-30 13:53:05 [INFO] Бот запущен
2024-07-30 13:59:03 [INFO] Бот запущен
2024-07-30 13:59:37 [INFO] Бот запущен
2024-07-30 13:59:42 [INFO] Бот запущен
2024-07-30 14:14:11 [INFO] Бот запущен
2024-07-30 14:14:37 [INFO] Бот запущен
2024-07-30 14:18:40 [INFO] Бот запущен
2024-07-30 14:18:56 [INFO] Бот запущен
2024-07-30 14:18:59 [INFO] Бот запущен
2024-07-30 15:10:57 [INFO] Бот запущен
2024-07-30 15:26:10 [ERROR] Ошибка при запуске бота: MongoSessionStore is not a constructor
2024-07-30 15:29:00 [ERROR] Ошибка при запуске бота: MongoSessionStore is not a constructor
2024-07-30 15:29:08 [ERROR] Ошибка при запуске бота: MongoSessionStore is not a constructor
2024-07-30 15:38:23 [ERROR] Ошибка при запуске бота: MongoSessionStore is not defined
2024-07-30 15:39:15 [INFO] Подключение к MongoDB успешно установлено
2024-07-30 15:39:15 [INFO] Соединение с MongoDB установлено
2024-07-30 15:39:15 [INFO] Middleware сессий установлен
2024-07-30 15:39:15 [INFO] Бот запущен
2024-07-30 15:39:26 [INFO] Подключение к MongoDB успешно установлено
2024-07-30 15:39:26 [INFO] Соединение с MongoDB установлено
2024-07-30 15:39:26 [INFO] Middleware сессий установлен
2024-07-30 15:39:26 [INFO] Бот запущен
2024-07-30 15:39:37 [INFO] Подключение к MongoDB успешно установлено
2024-07-30 15:39:37 [INFO] Соединение с MongoDB установлено
2024-07-30 15:39:37 [INFO] Middleware сессий установлен
2024-07-30 15:39:37 [INFO] Бот запущен
2024-07-30 15:48:42 [INFO] Подключение к MongoDB успешно установлено
2024-07-30 15:48:42 [INFO] Соединение с MongoDB установлено
2024-07-30 15:48:42 [INFO] Middleware сессий установлен
2024-07-30 15:48:42 [INFO] Бот запущен
2024-07-30 15:49:41 [INFO] Подключение к MongoDB успешно установлено
2024-07-30 15:49:41 [INFO] Соединение с MongoDB установлено
2024-07-30 15:49:41 [INFO] Middleware сессий установлен
2024-07-30 15:49:41 [INFO] Бот запущен
2024-07-30 15:50:15 [INFO] Подключение к MongoDB успешно установлено
2024-07-30 15:50:15 [INFO] Соединение с MongoDB установлено
2024-07-30 15:50:15 [INFO] Middleware сессий установлен
2024-07-30 15:50:15 [INFO] Бот запущен
2024-07-30 15:50:26 [INFO] Подключение к MongoDB успешно установлено
2024-07-30 15:50:26 [INFO] Соединение с MongoDB установлено
2024-07-30 15:50:26 [INFO] Middleware сессий установлен
2024-07-30 15:50:26 [INFO] Бот запущен
2024-07-30 15:50:47 [INFO] Подключение к MongoDB успешно установлено
2024-07-30 15:50:47 [INFO] Соединение с MongoDB установлено
2024-07-30 15:50:47 [INFO] Middleware сессий установлен
2024-07-30 15:50:47 [INFO] Бот запущен
2024-07-30 15:55:00 [INFO] Подключение к MongoDB успешно установлено
2024-07-30 15:55:00 [INFO] Соединение с MongoDB установлено
2024-07-30 15:55:00 [INFO] Middleware сессий установлен
2024-07-30 15:55:00 [INFO] Бот запущен
2024-07-30 15:59:45 [INFO] Подключение к MongoDB успешно установлено
2024-07-30 15:59:45 [INFO] Соединение с MongoDB установлено
2024-07-30 15:59:45 [INFO] Middleware сессий установлен
2024-07-30 15:59:45 [INFO] Бот запущен
2024-07-30 16:01:26 [INFO] Подключение к MongoDB успешно установлено
2024-07-30 16:01:26 [INFO] Соединение с MongoDB установлено
2024-07-30 16:01:26 [INFO] Middleware сессий установлен
2024-07-30 16:01:26 [INFO] Бот запущен
2024-07-30 16:02:03 [INFO] Подключение к MongoDB успешно установлено
2024-07-30 16:02:03 [INFO] Соединение с MongoDB установлено
2024-07-30 16:02:03 [INFO] Middleware сессий установлен
2024-07-30 16:02:03 [INFO] Бот запущен
2024-07-30 16:03:06 [INFO] Подключение к MongoDB успешно установлено
2024-07-30 16:03:06 [INFO] Соединение с MongoDB установлено
2024-07-30 16:03:06 [INFO] Middleware сессий установлен
2024-07-30 16:03:06 [INFO] Бот запущен
2024-07-30 16:03:15 [INFO] Подключение к MongoDB успешно установлено
2024-07-30 16:03:16 [INFO] Соединение с MongoDB установлено
2024-07-30 16:03:16 [INFO] Middleware сессий установлен
2024-07-30 16:03:16 [INFO] Бот запущен
2024-07-30 16:05:48 [INFO] Подключение к MongoDB успешно установлено
2024-07-30 16:05:48 [INFO] Соединение с MongoDB установлено
2024-07-30 16:05:48 [INFO] Middleware сессий установлен
2024-07-30 16:05:48 [INFO] Бот запущен
2024-07-30 16:06:25 [INFO] Подключение к MongoDB успешно установлено
2024-07-30 16:06:25 [INFO] Соединение с MongoDB установлено
2024-07-30 16:06:25 [INFO] Middleware сессий установлен
2024-07-30 16:06:25 [INFO] Бот запущен
2024-07-30 16:11:24 [INFO] Подключение к MongoDB успешно установлено
2024-07-30 16:11:24 [INFO] Соединение с MongoDB установлено
2024-07-30 16:11:24 [INFO] Middleware сессий установлен
2024-07-30 16:11:24 [INFO] Бот запущен
2024-07-30 16:12:03 [INFO] Подключение к MongoDB успешно установлено
2024-07-30 16:12:03 [INFO] Соединение с MongoDB установлено
2024-07-30 16:12:03 [INFO] Middleware сессий установлен
2024-07-30 16:12:03 [INFO] Бот запущен
2024-07-30 16:12:18 [INFO] Подключение к MongoDB успешно установлено
2024-07-30 16:12:18 [INFO] Соединение с MongoDB установлено
2024-07-30 16:12:18 [INFO] Middleware сессий установлен
2024-07-30 16:12:18 [INFO] Бот запущен
2024-07-30 16:14:53 [INFO] Подключение к MongoDB успешно установлено
2024-07-30 16:14:53 [INFO] Соединение с MongoDB установлено
2024-07-30 16:14:53 [INFO] Middleware сессий установлен
2024-07-30 16:14:53 [INFO] Бот запущен
2024-07-30 16:16:45 [INFO] Подключение к MongoDB успешно установлено
2024-07-30 16:16:45 [INFO] Соединение с MongoDB установлено
2024-07-30 16:16:45 [INFO] Middleware сессий установлен
2024-07-30 16:16:45 [INFO] Бот запущен
2024-07-30 16:30:10 [INFO] Подключение к MongoDB успешно установлено
2024-07-30 16:30:10 [INFO] Соединение с MongoDB установлено
2024-07-30 16:30:10 [INFO] Middleware сессий установлен
2024-07-30 16:30:10 [INFO] Бот запущен
2024-07-30 16:30:25 [INFO] Подключение к MongoDB успешно установлено
2024-07-30 16:30:25 [INFO] Соединение с MongoDB установлено
2024-07-30 16:30:25 [INFO] Middleware сессий установлен
2024-07-30 16:30:25 [INFO] Бот запущен
2024-07-30 18:43:30 [INFO] Подключение к MongoDB успешно установлено
2024-07-30 18:43:30 [INFO] Соединение с MongoDB установлено
2024-07-30 18:43:30 [INFO] Middleware сессий установлен
2024-07-30 18:43:30 [INFO] Бот запущен
2024-07-30 18:58:23 [INFO] Подключение к MongoDB успешно установлено
2024-07-30 18:58:24 [INFO] Соединение с MongoDB установлено
2024-07-30 18:58:24 [INFO] Middleware сессий установлен
2024-07-30 18:58:24 [INFO] Бот запущен
2024-07-30 18:59:06 [INFO] Подключение к MongoDB успешно установлено
2024-07-30 18:59:06 [INFO] Соединение с MongoDB установлено
2024-07-30 18:59:06 [INFO] Middleware сессий установлен
2024-07-30 18:59:06 [INFO] Бот запущен
2024-07-30 18:59:59 [INFO] Подключение к MongoDB успешно установлено
2024-07-30 19:00:00 [INFO] Соединение с MongoDB установлено
2024-07-30 19:00:00 [INFO] Middleware сессий установлен
2024-07-30 19:00:00 [INFO] Бот запущен
2024-07-30 19:00:23 [INFO] Подключение к MongoDB успешно установлено
2024-07-30 19:00:23 [INFO] Соединение с MongoDB установлено
2024-07-30 19:00:23 [INFO] Middleware сессий установлен
2024-07-30 19:00:23 [INFO] Бот запущен
2024-07-30 19:01:04 [INFO] Подключение к MongoDB успешно установлено
2024-07-30 19:01:05 [INFO] Соединение с MongoDB установлено
2024-07-30 19:01:05 [INFO] Middleware сессий установлен
2024-07-30 19:01:05 [INFO] Бот запущен
2024-07-30 19:03:45 [INFO] Подключение к MongoDB успешно установлено
2024-07-30 19:03:45 [INFO] Соединение с MongoDB установлено
2024-07-30 19:03:58 [INFO] Подключение к MongoDB успешно установлено
2024-07-30 19:03:58 [INFO] Соединение с MongoDB установлено
2024-07-30 19:03:58 [INFO] Middleware сессий установлен
2024-07-30 19:03:58 [INFO] Бот запущен
2024-07-30 19:08:46 [INFO] Подключение к MongoDB успешно установлено
2024-07-30 19:08:46 [INFO] Соединение с MongoDB установлено
2024-07-30 19:08:46 [INFO] Middleware сессий установлен
2024-07-30 19:08:46 [INFO] Бот запущен
2024-07-30 19:09:08 [INFO] Подключение к MongoDB успешно установлено
2024-07-30 19:09:08 [INFO] Соединение с MongoDB установлено
2024-07-30 19:09:08 [INFO] Middleware сессий установлен
2024-07-30 19:09:08 [INFO] Бот запущен
2024-07-30 19:09:17 [INFO] Подключение к MongoDB успешно установлено
2024-07-30 19:09:17 [INFO] Соединение с MongoDB установлено
2024-07-30 19:09:17 [INFO] Middleware сессий установлен
2024-07-30 19:09:17 [INFO] Бот запущен
2024-07-30 19:10:19 [INFO] Подключение к MongoDB успешно установлено
2024-07-30 19:10:19 [INFO] Соединение с MongoDB установлено
2024-07-30 19:10:19 [INFO] Middleware сессий установлен
2024-07-30 19:10:19 [INFO] Бот запущен
2024-07-30 19:11:23 [INFO] Подключение к MongoDB успешно установлено
2024-07-30 19:11:24 [INFO] Соединение с MongoDB установлено
2024-07-30 19:11:24 [INFO] Middleware сессий установлен
2024-07-30 19:11:24 [INFO] Бот запущен
2024-07-30 19:20:44 [INFO] Подключение к MongoDB успешно установлено
2024-07-30 19:20:44 [INFO] Соединение с MongoDB установлено
2024-07-30 19:20:44 [INFO] Middleware сессий установлен
2024-07-30 19:20:44 [INFO] Бот запущен
2024-07-30 19:23:38 [INFO] Подключение к MongoDB успешно установлено
2024-07-30 19:23:38 [INFO] Соединение с MongoDB установлено
2024-07-30 19:23:38 [INFO] Middleware сессий установлен
2024-07-30 19:23:38 [INFO] Бот запущен
2024-07-30 19:23:46 [INFO] Подключение к MongoDB успешно установлено
2024-07-30 19:23:46 [INFO] Соединение с MongoDB установлено
2024-07-30 19:23:46 [INFO] Middleware сессий установлен
2024-07-30 19:23:46 [INFO] Бот запущен
2024-07-30 19:24:07 [INFO] Подключение к MongoDB успешно установлено
2024-07-30 19:24:07 [INFO] Соединение с MongoDB установлено
2024-07-30 19:24:07 [INFO] Middleware сессий установлен
2024-07-30 19:24:07 [INFO] Бот запущен
2024-07-30 19:24:35 [INFO] Подключение к MongoDB успешно установлено
2024-07-30 19:24:35 [INFO] Соединение с MongoDB установлено
2024-07-30 19:24:35 [INFO] Middleware сессий установлен
2024-07-30 19:24:35 [INFO] Бот запущен
2024-07-30 19:32:55 [INFO] Подключение к MongoDB успешно установлено
2024-07-30 19:32:55 [INFO] Соединение с MongoDB установлено
2024-07-30 19:32:55 [INFO] Middleware сессий установлен
2024-07-30 19:32:55 [INFO] Бот запущен
2024-07-30 19:33:24 [INFO] Подключение к MongoDB успешно установлено
2024-07-30 19:33:24 [INFO] Соединение с MongoDB установлено
2024-07-30 19:33:24 [INFO] Middleware сессий установлен
2024-07-30 19:33:24 [INFO] Бот запущен
2024-07-30 19:34:07 [INFO] Подключение к MongoDB успешно установлено
2024-07-30 19:34:07 [INFO] Соединение с MongoDB установлено
2024-07-30 19:34:07 [INFO] Middleware сессий установлен
2024-07-30 19:34:07 [INFO] Бот запущен
2024-07-30 19:35:42 [INFO] Подключение к MongoDB успешно установлено
2024-07-30 19:35:42 [INFO] Соединение с MongoDB установлено
2024-07-30 19:35:42 [INFO] Middleware сессий установлен
2024-07-30 19:35:42 [INFO] Бот запущен
2024-07-30 19:36:58 [INFO] Подключение к MongoDB успешно установлено
2024-07-30 19:36:58 [INFO] Соединение с MongoDB установлено
2024-07-30 19:36:58 [INFO] Middleware сессий установлен
2024-07-30 19:36:58 [INFO] Бот запущен
2024-07-30 19:37:39 [INFO] Подключение к MongoDB успешно установлено
2024-07-30 19:37:39 [INFO] Соединение с MongoDB установлено
2024-07-30 19:37:39 [INFO] Middleware сессий установлен
2024-07-30 19:37:39 [INFO] Бот запущен
2024-07-31 12:54:31 [INFO] Подключение к MongoDB успешно установлено
2024-07-31 12:54:31 [INFO] Соединение с MongoDB установлено
2024-07-31 12:54:31 [INFO] Middleware сессий установлен
2024-07-31 12:54:31 [INFO] Бот запущен
2024-07-31 13:04:50 [INFO] Подключение к MongoDB успешно установлено
2024-07-31 13:04:50 [INFO] Соединение с MongoDB установлено
2024-07-31 13:04:50 [INFO] Middleware сессий установлен
2024-07-31 13:04:50 [INFO] Бот запущен
2024-07-31 13:06:04 [INFO] Подключение к MongoDB успешно установлено
2024-07-31 13:06:04 [INFO] Соединение с MongoDB установлено
2024-07-31 13:06:04 [INFO] Middleware сессий установлен
2024-07-31 13:06:04 [INFO] Бот запущен
2024-07-31 13:16:43 [INFO] Подключение к MongoDB успешно установлено
2024-07-31 13:16:43 [INFO] Соединение с MongoDB установлено
2024-07-31 13:16:43 [INFO] Middleware сессий установлен
2024-07-31 13:16:43 [INFO] Бот запущен
2024-07-31 13:17:28 [INFO] Подключение к MongoDB успешно установлено
2024-07-31 13:17:28 [INFO] Соединение с MongoDB установлено
2024-07-31 13:17:28 [INFO] Middleware сессий установлен
2024-07-31 13:17:28 [INFO] Бот запущен
2024-07-31 13:20:14 [INFO] Подключение к MongoDB успешно установлено
2024-07-31 13:20:14 [INFO] Соединение с MongoDB установлено
2024-07-31 13:20:14 [INFO] Middleware сессий установлен
2024-07-31 13:20:14 [INFO] Бот запущен
2024-07-31 13:20:32 [INFO] Подключение к MongoDB успешно установлено
2024-07-31 13:20:32 [INFO] Соединение с MongoDB установлено
2024-07-31 13:20:32 [INFO] Middleware сессий установлен
2024-07-31 13:20:32 [INFO] Бот запущен
2024-07-31 13:42:28 [INFO] Подключение к MongoDB успешно установлено
2024-07-31 13:42:28 [INFO] Соединение с MongoDB установлено
2024-07-31 13:42:28 [INFO] Middleware сессий установлен
2024-07-31 13:42:28 [INFO] Бот запущен
2024-07-31 13:43:05 [INFO] Подключение к MongoDB успешно установлено
2024-07-31 13:43:05 [INFO] Соединение с MongoDB установлено
2024-07-31 13:43:05 [INFO] Middleware сессий установлен
2024-07-31 13:43:05 [INFO] Бот запущен
2024-07-31 13:45:09 [INFO] Подключение к MongoDB успешно установлено
2024-07-31 13:45:09 [INFO] Соединение с MongoDB установлено
2024-07-31 13:45:09 [INFO] Middleware сессий установлен
2024-07-31 13:45:09 [INFO] Бот запущен
2024-07-31 13:46:01 [INFO] Подключение к MongoDB успешно установлено
2024-07-31 13:46:01 [INFO] Соединение с MongoDB установлено
2024-07-31 13:46:01 [INFO] Middleware сессий установлен
2024-07-31 13:46:01 [INFO] Бот запущен
2024-07-31 13:46:33 [INFO] Подключение к MongoDB успешно установлено
2024-07-31 13:46:34 [INFO] Соединение с MongoDB установлено
2024-07-31 13:46:34 [INFO] Middleware сессий установлен
2024-07-31 13:46:34 [INFO] Бот запущен
2024-07-31 14:06:27 [INFO] Подключение к MongoDB успешно установлено
2024-07-31 14:06:27 [INFO] Соединение с MongoDB установлено
2024-07-31 14:06:27 [INFO] Middleware сессий установлен
2024-07-31 14:06:27 [INFO] Бот запущен
2024-07-31 14:07:38 [INFO] Подключение к MongoDB успешно установлено
2024-07-31 14:07:38 [INFO] Соединение с MongoDB установлено
2024-07-31 14:07:38 [INFO] Middleware сессий установлен
2024-07-31 14:07:38 [INFO] Бот запущен
2024-07-31 14:16:30 [INFO] Подключение к MongoDB успешно установлено
2024-07-31 14:16:30 [INFO] Соединение с MongoDB установлено
2024-07-31 14:16:30 [INFO] Middleware сессий установлен
2024-07-31 14:16:30 [INFO] Бот запущен
2024-07-31 14:17:07 [INFO] Подключение к MongoDB успешно установлено
2024-07-31 14:17:07 [INFO] Соединение с MongoDB установлено
2024-07-31 14:17:07 [INFO] Middleware сессий установлен
2024-07-31 14:17:07 [INFO] Бот запущен
2024-07-31 14:20:23 [INFO] Подключение к MongoDB успешно установлено
2024-07-31 14:20:23 [INFO] Соединение с MongoDB установлено
2024-07-31 14:20:23 [INFO] Middleware сессий установлен
2024-07-31 14:20:23 [INFO] Бот запущен
2024-07-31 14:25:01 [INFO] Подключение к MongoDB успешно установлено
2024-07-31 14:25:01 [INFO] Соединение с MongoDB установлено
2024-07-31 14:25:01 [INFO] Middleware сессий установлен
2024-07-31 14:25:01 [INFO] Бот запущен
2024-07-31 14:28:55 [INFO] Подключение к MongoDB успешно установлено
2024-07-31 14:28:55 [INFO] Соединение с MongoDB установлено
2024-07-31 14:28:55 [INFO] Middleware сессий установлен
2024-07-31 14:28:55 [INFO] Бот запущен
2024-07-31 14:32:56 [INFO] Подключение к MongoDB успешно установлено
2024-07-31 14:32:56 [INFO] Соединение с MongoDB установлено
2024-07-31 14:32:56 [INFO] Middleware сессий установлен
2024-07-31 14:32:56 [INFO] Бот запущен
2024-07-31 14:36:13 [INFO] Подключение к MongoDB успешно установлено
2024-07-31 14:36:13 [INFO] Соединение с MongoDB установлено
2024-07-31 14:36:13 [INFO] Middleware сессий установлен
2024-07-31 14:36:13 [INFO] Бот запущен
2024-07-31 14:36:41 [INFO] Подключение к MongoDB успешно установлено
2024-07-31 14:36:41 [INFO] Соединение с MongoDB установлено
2024-07-31 14:36:41 [INFO] Middleware сессий установлен
2024-07-31 14:36:41 [INFO] Бот запущен
2024-07-31 16:09:04 [INFO] Подключение к MongoDB успешно установлено
2024-07-31 16:09:04 [INFO] Соединение с MongoDB установлено
2024-07-31 16:09:04 [INFO] Middleware сессий установлен
2024-07-31 16:09:04 [INFO] Бот запущен
2024-07-31 16:20:33 [INFO] Подключение к MongoDB успешно установлено
2024-07-31 16:20:33 [INFO] Соединение с MongoDB установлено
2024-07-31 16:20:33 [INFO] Middleware сессий установлен
2024-07-31 16:20:33 [INFO] Бот запущен
2024-07-31 16:40:31 [INFO] Подключение к MongoDB успешно установлено
2024-07-31 16:40:31 [INFO] Соединение с MongoDB установлено
2024-07-31 16:40:31 [INFO] Middleware сессий установлен
2024-07-31 16:40:31 [INFO] Бот запущен
2024-07-31 16:40:52 [INFO] Подключение к MongoDB успешно установлено
2024-07-31 16:40:52 [INFO] Соединение с MongoDB установлено
2024-07-31 16:40:52 [INFO] Middleware сессий установлен
2024-07-31 16:40:52 [INFO] Бот запущен
2024-07-31 16:41:00 [INFO] Подключение к MongoDB успешно установлено
2024-07-31 16:41:00 [INFO] Соединение с MongoDB установлено
2024-07-31 16:41:00 [INFO] Middleware сессий установлен
2024-07-31 16:41:00 [INFO] Бот запущен
2024-07-31 16:41:32 [INFO] Подключение к MongoDB успешно установлено
2024-07-31 16:41:32 [INFO] Соединение с MongoDB установлено
2024-07-31 16:41:32 [INFO] Middleware сессий установлен
2024-07-31 16:41:32 [INFO] Бот запущен
2024-07-31 16:41:44 [INFO] Подключение к MongoDB успешно установлено
2024-07-31 16:41:44 [INFO] Соединение с MongoDB установлено
2024-07-31 16:41:44 [INFO] Middleware сессий установлен
2024-07-31 16:41:44 [INFO] Бот запущен
2024-07-31 16:42:33 [INFO] Подключение к MongoDB успешно установлено
2024-07-31 16:42:33 [INFO] Соединение с MongoDB установлено
2024-07-31 16:42:33 [INFO] Middleware сессий установлен
2024-07-31 16:42:33 [INFO] Бот запущен
2024-07-31 16:45:57 [INFO] Подключение к MongoDB успешно установлено
2024-07-31 16:45:57 [INFO] Соединение с MongoDB установлено
2024-07-31 16:45:57 [INFO] Middleware сессий установлен
2024-07-31 16:45:57 [INFO] Бот запущен
2024-07-31 16:46:43 [INFO] Подключение к MongoDB успешно установлено
2024-07-31 16:46:43 [INFO] Соединение с MongoDB установлено
2024-07-31 16:46:43 [INFO] Middleware сессий установлен
2024-07-31 16:46:43 [INFO] Бот запущен
2024-07-31 16:48:18 [INFO] Подключение к MongoDB успешно установлено
2024-07-31 16:48:18 [INFO] Соединение с MongoDB установлено
2024-07-31 16:48:18 [INFO] Middleware сессий установлен
2024-07-31 16:48:18 [INFO] Бот запущен
2024-07-31 16:49:43 [INFO] Подключение к MongoDB успешно установлено
2024-07-31 16:49:43 [INFO] Соединение с MongoDB установлено
2024-07-31 16:49:43 [INFO] Middleware сессий установлен
2024-07-31 16:49:43 [INFO] Бот запущен
2024-07-31 16:52:24 [INFO] Подключение к MongoDB успешно установлено
2024-07-31 16:52:25 [INFO] Соединение с MongoDB установлено
2024-07-31 16:52:25 [INFO] Middleware сессий установлен
2024-07-31 16:52:25 [INFO] Бот запущен
2024-07-31 16:57:56 [INFO] Подключение к MongoDB успешно установлено
2024-07-31 16:57:56 [INFO] Соединение с MongoDB установлено
2024-07-31 16:57:56 [INFO] Middleware сессий установлен
2024-07-31 16:57:56 [INFO] Бот запущен
2024-07-31 16:58:11 [INFO] Подключение к MongoDB успешно установлено
2024-07-31 16:58:11 [INFO] Соединение с MongoDB установлено
2024-07-31 16:58:11 [INFO] Middleware сессий установлен
2024-07-31 16:58:11 [INFO] Бот запущен
2024-07-31 16:58:24 [INFO] Подключение к MongoDB успешно установлено
2024-07-31 16:58:24 [INFO] Соединение с MongoDB установлено
2024-07-31 16:58:24 [INFO] Middleware сессий установлен
2024-07-31 16:58:24 [INFO] Бот запущен
2024-07-31 17:02:38 [INFO] Подключение к MongoDB успешно установлено
2024-07-31 17:02:38 [INFO] Соединение с MongoDB установлено
2024-07-31 17:02:38 [INFO] Middleware сессий установлен
2024-07-31 17:02:38 [INFO] Бот запущен
2024-07-31 17:03:06 [INFO] Подключение к MongoDB успешно установлено
2024-07-31 17:03:06 [INFO] Соединение с MongoDB установлено
2024-07-31 17:03:06 [INFO] Middleware сессий установлен
2024-07-31 17:03:06 [INFO] Бот запущен
2024-07-31 17:03:15 [INFO] Подключение к MongoDB успешно установлено
2024-07-31 17:03:15 [INFO] Соединение с MongoDB установлено
2024-07-31 17:03:15 [INFO] Middleware сессий установлен
2024-07-31 17:03:15 [INFO] Бот запущен
2024-07-31 17:04:11 [INFO] Подключение к MongoDB успешно установлено
2024-07-31 17:04:11 [INFO] Соединение с MongoDB установлено
2024-07-31 17:04:11 [INFO] Middleware сессий установлен
2024-07-31 17:04:11 [INFO] Бот запущен
2024-07-31 17:04:54 [INFO] Подключение к MongoDB успешно установлено
2024-07-31 17:04:54 [INFO] Соединение с MongoDB установлено
2024-07-31 17:04:54 [INFO] Middleware сессий установлен
2024-07-31 17:04:54 [INFO] Бот запущен
2024-07-31 17:11:33 [INFO] Подключение к MongoDB успешно установлено
2024-07-31 17:11:33 [INFO] Соединение с MongoDB установлено
2024-07-31 17:11:33 [INFO] Middleware сессий установлен
2024-07-31 17:11:33 [INFO] Бот запущен
2024-07-31 17:12:18 [INFO] Подключение к MongoDB успешно установлено
2024-07-31 17:12:18 [INFO] Соединение с MongoDB установлено
2024-07-31 17:12:18 [INFO] Middleware сессий установлен
2024-07-31 17:12:18 [INFO] Бот запущен
2024-07-31 17:13:50 [INFO] Подключение к MongoDB успешно установлено
2024-07-31 17:13:50 [INFO] Соединение с MongoDB установлено
2024-07-31 17:13:50 [INFO] Middleware сессий установлен
2024-07-31 17:13:50 [INFO] Бот запущен
2024-07-31 17:17:46 [INFO] Подключение к MongoDB успешно установлено
2024-07-31 17:17:46 [INFO] Соединение с MongoDB установлено
2024-07-31 17:17:46 [INFO] Middleware сессий установлен
2024-07-31 17:17:46 [INFO] Бот запущен
2024-07-31 17:18:47 [INFO] Подключение к MongoDB успешно установлено
2024-07-31 17:18:47 [INFO] Соединение с MongoDB установлено
2024-07-31 17:18:47 [INFO] Middleware сессий установлен
2024-07-31 17:18:47 [INFO] Бот запущен
2024-07-31 17:19:00 [INFO] Подключение к MongoDB успешно установлено
2024-07-31 17:19:00 [INFO] Соединение с MongoDB установлено
2024-07-31 17:19:00 [INFO] Middleware сессий установлен
2024-07-31 17:19:00 [INFO] Бот запущен
2024-07-31 17:21:07 [INFO] Подключение к MongoDB успешно установлено
2024-07-31 17:21:07 [INFO] Соединение с MongoDB установлено
2024-07-31 17:21:07 [INFO] Middleware сессий установлен
2024-07-31 17:21:07 [INFO] Бот запущен
2024-07-31 17:21:56 [INFO] Подключение к MongoDB успешно установлено
2024-07-31 17:21:56 [INFO] Соединение с MongoDB установлено
2024-07-31 17:21:56 [INFO] Middleware сессий установлен
2024-07-31 17:21:56 [INFO] Бот запущен
2024-07-31 17:22:20 [INFO] Подключение к MongoDB успешно установлено
2024-07-31 17:22:20 [INFO] Соединение с MongoDB установлено
2024-07-31 17:22:20 [INFO] Middleware сессий установлен
2024-07-31 17:22:20 [INFO] Бот запущен
2024-07-31 17:31:54 [INFO] Подключение к MongoDB успешно установлено
2024-07-31 17:31:54 [INFO] Соединение с MongoDB установлено
2024-07-31 17:31:54 [INFO] Middleware сессий установлен
2024-07-31 17:31:54 [INFO] Бот запущен
2024-07-31 17:41:59 [INFO] Подключение к MongoDB успешно установлено
2024-07-31 17:41:59 [INFO] Соединение с MongoDB установлено
2024-07-31 17:41:59 [INFO] Middleware сессий установлен
2024-07-31 17:41:59 [INFO] Бот запущен
2024-07-31 18:05:45 [INFO] Подключение к MongoDB успешно установлено
2024-07-31 18:05:45 [INFO] Соединение с MongoDB установлено
2024-07-31 18:05:45 [INFO] Middleware сессий установлен
2024-07-31 18:05:45 [INFO] Бот запущен
2024-07-31 18:07:01 [INFO] Подключение к MongoDB успешно установлено
2024-07-31 18:07:01 [INFO] Соединение с MongoDB установлено
2024-07-31 18:07:01 [INFO] Middleware сессий установлен
2024-07-31 18:07:01 [INFO] Бот запущен
2024-07-31 18:07:19 [INFO] Подключение к MongoDB успешно установлено
2024-07-31 18:07:19 [INFO] Соединение с MongoDB установлено
2024-07-31 18:07:19 [INFO] Middleware сессий установлен
2024-07-31 18:07:19 [INFO] Бот запущен
2024-08-01 17:00:01 [INFO] Подключение к MongoDB успешно установлено
2024-08-01 17:00:01 [INFO] Соединение с MongoDB установлено
2024-08-01 17:00:01 [INFO] Middleware сессий установлен
2024-08-01 17:00:01 [INFO] Бот запущен
2024-08-01 17:24:29 [INFO] Подключение к MongoDB успешно установлено
2024-08-01 17:24:29 [INFO] Соединение с MongoDB установлено
2024-08-01 17:24:29 [INFO] Middleware сессий установлен
2024-08-01 17:24:29 [INFO] Бот запущен
2024-08-01 17:25:01 [INFO] Подключение к MongoDB успешно установлено
2024-08-01 17:25:01 [INFO] Соединение с MongoDB установлено
2024-08-01 17:25:01 [INFO] Middleware сессий установлен
2024-08-01 17:25:01 [INFO] Бот запущен
2024-08-01 17:26:40 [INFO] Подключение к MongoDB успешно установлено
2024-08-01 17:26:40 [INFO] Соединение с MongoDB установлено
2024-08-01 17:26:40 [INFO] Middleware сессий установлен
2024-08-01 17:26:40 [INFO] Бот запущен
2024-08-01 17:27:08 [INFO] Подключение к MongoDB успешно установлено
2024-08-01 17:27:09 [INFO] Соединение с MongoDB установлено
2024-08-01 17:27:09 [INFO] Middleware сессий установлен
2024-08-01 17:27:09 [INFO] Бот запущен
2024-08-01 17:27:22 [INFO] Подключение к MongoDB успешно установлено
2024-08-01 17:27:22 [INFO] Соединение с MongoDB установлено
2024-08-01 17:27:22 [INFO] Middleware сессий установлен
2024-08-01 17:27:22 [INFO] Бот запущен
2024-08-01 17:28:31 [INFO] Подключение к MongoDB успешно установлено
2024-08-01 17:28:31 [INFO] Соединение с MongoDB установлено
2024-08-01 17:28:31 [INFO] Middleware сессий установлен
2024-08-01 17:28:31 [INFO] Бот запущен
2024-08-01 17:35:24 [INFO] Подключение к MongoDB успешно установлено
2024-08-01 17:35:24 [INFO] Соединение с MongoDB установлено
2024-08-01 17:35:24 [INFO] Middleware сессий установлен
2024-08-01 17:35:24 [INFO] Бот запущен
2024-08-01 17:35:40 [INFO] Подключение к MongoDB успешно установлено
2024-08-01 17:35:40 [INFO] Соединение с MongoDB установлено
2024-08-01 17:35:40 [INFO] Middleware сессий установлен
2024-08-01 17:35:40 [INFO] Бот запущен
2024-08-01 17:40:27 [INFO] Подключение к MongoDB успешно установлено
2024-08-01 17:40:27 [INFO] Соединение с MongoDB установлено
2024-08-01 17:40:27 [INFO] Middleware сессий установлен
2024-08-01 17:40:27 [INFO] Бот запущен
2024-08-01 17:41:00 [INFO] Подключение к MongoDB успешно установлено
2024-08-01 17:41:00 [INFO] Соединение с MongoDB установлено
2024-08-01 17:41:00 [INFO] Middleware сессий установлен
2024-08-01 17:41:00 [INFO] Бот запущен
2024-08-01 18:10:52 [INFO] Подключение к MongoDB успешно установлено
2024-08-01 18:10:52 [INFO] Соединение с MongoDB установлено
2024-08-01 18:10:52 [INFO] Middleware сессий установлен
2024-08-01 18:10:52 [INFO] Бот запущен
2024-08-01 18:12:54 [INFO] Подключение к MongoDB успешно установлено
2024-08-01 18:12:54 [INFO] Соединение с MongoDB установлено
2024-08-01 18:12:54 [INFO] Middleware сессий установлен
2024-08-01 18:12:54 [INFO] Бот запущен
2024-08-01 18:14:20 [INFO] Подключение к MongoDB успешно установлено
2024-08-01 18:14:20 [INFO] Соединение с MongoDB установлено
2024-08-01 18:14:20 [INFO] Middleware сессий установлен
2024-08-01 18:14:20 [INFO] Бот запущен
2024-08-01 18:52:47 [INFO] Подключение к MongoDB успешно установлено
2024-08-01 18:52:47 [INFO] Соединение с MongoDB установлено
2024-08-01 18:52:47 [INFO] Middleware сессий установлен
2024-08-01 18:52:47 [INFO] Бот запущен
2024-08-01 18:53:41 [INFO] Подключение к MongoDB успешно установлено
2024-08-01 18:53:41 [INFO] Соединение с MongoDB установлено
2024-08-01 18:53:41 [INFO] Middleware сессий установлен
2024-08-01 18:53:41 [INFO] Бот запущен
2024-08-01 19:15:29 [INFO] Подключение к MongoDB успешно установлено
2024-08-01 19:15:29 [INFO] Соединение с MongoDB установлено
2024-08-01 19:15:29 [INFO] Middleware сессий установлен
2024-08-01 19:15:29 [INFO] Бот запущен
2024-08-01 19:17:14 [INFO] Подключение к MongoDB успешно установлено
2024-08-01 19:17:14 [INFO] Соединение с MongoDB установлено
2024-08-01 19:17:14 [INFO] Middleware сессий установлен
2024-08-01 19:17:14 [INFO] Бот запущен
2024-08-01 19:17:31 [INFO] Подключение к MongoDB успешно установлено
2024-08-01 19:17:31 [INFO] Соединение с MongoDB установлено
2024-08-01 19:17:31 [INFO] Middleware сессий установлен
2024-08-01 19:17:31 [INFO] Бот запущен
2024-08-01 19:22:24 [INFO] Подключение к MongoDB успешно установлено
2024-08-01 19:22:24 [INFO] Соединение с MongoDB установлено
2024-08-01 19:22:24 [INFO] Middleware сессий установлен
2024-08-01 19:22:24 [INFO] Бот запущен
2024-08-01 19:24:32 [INFO] Подключение к MongoDB успешно установлено
2024-08-01 19:24:32 [INFO] Соединение с MongoDB установлено
2024-08-01 19:24:32 [INFO] Middleware сессий установлен
2024-08-01 19:24:32 [INFO] Бот запущен
2024-08-01 19:25:19 [INFO] Подключение к MongoDB успешно установлено
2024-08-01 19:25:19 [INFO] Соединение с MongoDB установлено
2024-08-01 19:25:19 [INFO] Middleware сессий установлен
2024-08-01 19:25:19 [INFO] Бот запущен
2024-08-01 19:26:04 [INFO] Подключение к MongoDB успешно установлено
2024-08-01 19:26:04 [INFO] Соединение с MongoDB установлено
2024-08-01 19:26:04 [INFO] Middleware сессий установлен
2024-08-01 19:26:04 [INFO] Бот запущен
2024-08-01 19:26:44 [INFO] Подключение к MongoDB успешно установлено
2024-08-01 19:26:44 [INFO] Соединение с MongoDB установлено
2024-08-01 19:26:44 [INFO] Middleware сессий установлен
2024-08-01 19:26:44 [INFO] Бот запущен
2024-08-01 19:27:06 [INFO] Подключение к MongoDB успешно установлено
2024-08-01 19:27:06 [INFO] Соединение с MongoDB установлено
2024-08-01 19:27:06 [INFO] Middleware сессий установлен
2024-08-01 19:27:06 [INFO] Бот запущен
2024-08-01 19:28:28 [INFO] Подключение к MongoDB успешно установлено
2024-08-01 19:28:28 [INFO] Соединение с MongoDB установлено
2024-08-01 19:28:28 [INFO] Middleware сессий установлен
2024-08-01 19:28:28 [INFO] Бот запущен
2024-08-01 19:28:42 [INFO] Подключение к MongoDB успешно установлено
2024-08-01 19:28:42 [INFO] Соединение с MongoDB установлено
2024-08-01 19:28:42 [INFO] Middleware сессий установлен
2024-08-01 19:28:42 [INFO] Бот запущен
2024-08-01 19:28:53 [INFO] Подключение к MongoDB успешно установлено
2024-08-01 19:28:53 [INFO] Соединение с MongoDB установлено
2024-08-01 19:28:53 [INFO] Middleware сессий установлен
2024-08-01 19:28:53 [INFO] Бот запущен
2024-08-01 19:31:05 [INFO] Подключение к MongoDB успешно установлено
2024-08-01 19:31:05 [INFO] Соединение с MongoDB установлено
2024-08-01 19:31:05 [INFO] Middleware сессий установлен
2024-08-01 19:31:05 [INFO] Бот запущен
2024-08-01 19:31:42 [INFO] Подключение к MongoDB успешно установлено
2024-08-01 19:31:42 [INFO] Соединение с MongoDB установлено
2024-08-01 19:31:42 [INFO] Middleware сессий установлен
2024-08-01 19:31:42 [INFO] Бот запущен
2024-08-01 19:31:47 [INFO] Подключение к MongoDB успешно установлено
2024-08-01 19:31:47 [INFO] Соединение с MongoDB установлено
2024-08-01 19:31:47 [INFO] Middleware сессий установлен
2024-08-01 19:31:47 [INFO] Бот запущен
2024-08-01 19:37:09 [INFO] Подключение к MongoDB успешно установлено
2024-08-01 19:37:09 [INFO] Соединение с MongoDB установлено
2024-08-01 19:37:09 [INFO] Middleware сессий установлен
2024-08-01 19:37:09 [INFO] Бот запущен
2024-08-01 19:38:00 [INFO] Подключение к MongoDB успешно установлено
2024-08-01 19:38:00 [INFO] Соединение с MongoDB установлено
2024-08-01 19:38:00 [INFO] Middleware сессий установлен
2024-08-01 19:38:00 [INFO] Бот запущен
2024-08-01 19:41:36 [INFO] Подключение к MongoDB успешно установлено
2024-08-01 19:41:36 [INFO] Соединение с MongoDB установлено
2024-08-01 19:41:36 [INFO] Middleware сессий установлен
2024-08-01 19:41:36 [INFO] Бот запущен
2024-08-01 19:42:04 [INFO] Подключение к MongoDB успешно установлено
2024-08-01 19:42:04 [INFO] Соединение с MongoDB установлено
2024-08-01 19:42:04 [INFO] Middleware сессий установлен
2024-08-01 19:42:04 [INFO] Бот запущен
2024-08-01 19:43:16 [INFO] Подключение к MongoDB успешно установлено
2024-08-01 19:43:16 [INFO] Соединение с MongoDB установлено
2024-08-01 19:43:16 [INFO] Middleware сессий установлен
2024-08-01 19:43:16 [INFO] Бот запущен
2024-08-01 19:49:12 [INFO] Подключение к MongoDB успешно установлено
2024-08-01 19:49:12 [INFO] Соединение с MongoDB установлено
2024-08-01 19:49:12 [INFO] Middleware сессий установлен
2024-08-01 19:49:12 [INFO] Бот запущен
2024-08-01 19:49:49 [INFO] Подключение к MongoDB успешно установлено
2024-08-01 19:49:49 [INFO] Соединение с MongoDB установлено
2024-08-01 19:49:49 [INFO] Middleware сессий установлен
2024-08-01 19:49:49 [INFO] Бот запущен
2024-08-01 19:50:57 [INFO] Подключение к MongoDB успешно установлено
2024-08-01 19:50:57 [INFO] Соединение с MongoDB установлено
2024-08-01 19:50:57 [INFO] Middleware сессий установлен
2024-08-01 19:50:57 [INFO] Бот запущен
2024-08-01 19:51:05 [INFO] Подключение к MongoDB успешно установлено
2024-08-01 19:51:05 [INFO] Соединение с MongoDB установлено
2024-08-01 19:51:05 [INFO] Middleware сессий установлен
2024-08-01 19:51:05 [INFO] Бот запущен
